<?xml version="1.0" encoding="UTF-8"?>
<testsuite name="yudi.silas.service.ListaServiceTest" tests="6" skipped="0" failures="0" errors="0" timestamp="2020-08-11T01:18:54" hostname="silas-Inspiron-3583" time="0.133">
  <properties/>
  <testcase name="testDeleteLista()" classname="yudi.silas.service.ListaServiceTest" time="0.02"/>
  <testcase name="testAdicionaLista()" classname="yudi.silas.service.ListaServiceTest" time="0.018"/>
  <testcase name="testAdicionaListaJaExistente()" classname="yudi.silas.service.ListaServiceTest" time="0.02"/>
  <testcase name="testUpdateLista()" classname="yudi.silas.service.ListaServiceTest" time="0.021"/>
  <testcase name="testAdicionaDuasListas()" classname="yudi.silas.service.ListaServiceTest" time="0.02"/>
  <testcase name="testGetAll()" classname="yudi.silas.service.ListaServiceTest" time="0.028"/>
  <system-out><![CDATA[2020-08-10 22:18:54.782  INFO 7071 --- [    Test worker] .b.t.c.SpringBootTestContextBootstrapper : Neither @ContextConfiguration nor @ContextHierarchy found for test class [yudi.silas.service.ListaServiceTest], using SpringBootContextLoader
2020-08-10 22:18:54.783  INFO 7071 --- [    Test worker] o.s.t.c.support.AbstractContextLoader    : Could not detect default resource locations for test class [yudi.silas.service.ListaServiceTest]: no resource found for suffixes {-context.xml, Context.groovy}.
2020-08-10 22:18:54.783  INFO 7071 --- [    Test worker] t.c.s.AnnotationConfigContextLoaderUtils : Could not detect default configuration classes for test class [yudi.silas.service.ListaServiceTest]: ListaServiceTest does not declare any static, non-private, non-final, nested classes annotated with @Configuration.
2020-08-10 22:18:54.785  INFO 7071 --- [    Test worker] .b.t.c.SpringBootTestContextBootstrapper : Found @SpringBootConfiguration yudi.silas.Application for test class yudi.silas.service.ListaServiceTest
2020-08-10 22:18:54.787  INFO 7071 --- [    Test worker] .b.t.c.SpringBootTestContextBootstrapper : Loaded default TestExecutionListener class names from location [META-INF/spring.factories]: [org.springframework.boot.test.autoconfigure.restdocs.RestDocsTestExecutionListener, org.springframework.boot.test.autoconfigure.web.client.MockRestServiceServerResetTestExecutionListener, org.springframework.boot.test.autoconfigure.web.servlet.MockMvcPrintOnlyOnFailureTestExecutionListener, org.springframework.boot.test.autoconfigure.web.servlet.WebDriverTestExecutionListener, org.springframework.boot.test.autoconfigure.webservices.client.MockWebServiceServerTestExecutionListener, org.springframework.boot.test.mock.mockito.MockitoTestExecutionListener, org.springframework.boot.test.mock.mockito.ResetMocksTestExecutionListener, org.springframework.test.context.web.ServletTestExecutionListener, org.springframework.test.context.support.DirtiesContextBeforeModesTestExecutionListener, org.springframework.test.context.support.DependencyInjectionTestExecutionListener, org.springframework.test.context.support.DirtiesContextTestExecutionListener, org.springframework.test.context.transaction.TransactionalTestExecutionListener, org.springframework.test.context.jdbc.SqlScriptsTestExecutionListener, org.springframework.test.context.event.EventPublishingTestExecutionListener]
2020-08-10 22:18:54.787  INFO 7071 --- [    Test worker] .b.t.c.SpringBootTestContextBootstrapper : Using TestExecutionListeners: [org.springframework.test.context.web.ServletTestExecutionListener@48cfd135, org.springframework.test.context.support.DirtiesContextBeforeModesTestExecutionListener@4a2adf42, org.springframework.boot.test.mock.mockito.MockitoTestExecutionListener@5154f943, org.springframework.boot.test.autoconfigure.SpringBootDependencyInjectionTestExecutionListener@5f22a4c5, org.springframework.test.context.support.DirtiesContextTestExecutionListener@6952906d, org.springframework.test.context.transaction.TransactionalTestExecutionListener@759e82ca, org.springframework.test.context.jdbc.SqlScriptsTestExecutionListener@376f3db, org.springframework.test.context.event.EventPublishingTestExecutionListener@49387bfc, org.springframework.boot.test.autoconfigure.restdocs.RestDocsTestExecutionListener@34145b4e, org.springframework.boot.test.autoconfigure.web.client.MockRestServiceServerResetTestExecutionListener@351d17d4, org.springframework.boot.test.autoconfigure.web.servlet.MockMvcPrintOnlyOnFailureTestExecutionListener@141d287, org.springframework.boot.test.autoconfigure.web.servlet.WebDriverTestExecutionListener@b2cbec8, org.springframework.boot.test.autoconfigure.webservices.client.MockWebServiceServerTestExecutionListener@1df45ac8, org.springframework.boot.test.mock.mockito.ResetMocksTestExecutionListener@408a4d15]
Hibernate: select lista0_.id as id1_0_, lista0_.nome as nome2_0_ from lista lista0_ where lista0_.nome=?
Hibernate: call next value for hibernate_sequence
Hibernate: insert into lista (nome, id) values (?, ?)
Hibernate: select lista0_.id as id1_0_, lista0_.nome as nome2_0_ from lista lista0_ where lista0_.nome=?
Hibernate: select tarefa0_.id as id1_1_, tarefa0_.descricao as descrica2_1_, tarefa0_.finalizada as finaliza3_1_, tarefa0_.lista as lista4_1_, tarefa0_.nome as nome5_1_ from tarefa tarefa0_ where tarefa0_.lista=?
Hibernate: select lista0_.id as id1_0_0_, lista0_.nome as nome2_0_0_ from lista lista0_ where lista0_.id=?
Hibernate: select lista0_.id as id1_0_0_, lista0_.nome as nome2_0_0_ from lista lista0_ where lista0_.id=?
Hibernate: delete from lista where id=?
Hibernate: select lista0_.id as id1_0_, lista0_.nome as nome2_0_ from lista lista0_ where lista0_.nome=?
Hibernate: select lista0_.id as id1_0_, lista0_.nome as nome2_0_ from lista lista0_
Hibernate: select lista0_.id as id1_0_, lista0_.nome as nome2_0_ from lista lista0_ where lista0_.nome=?
Hibernate: call next value for hibernate_sequence
Hibernate: insert into lista (nome, id) values (?, ?)
Hibernate: select lista0_.id as id1_0_, lista0_.nome as nome2_0_ from lista lista0_ where lista0_.nome=?
Hibernate: select lista0_.id as id1_0_, lista0_.nome as nome2_0_ from lista lista0_
Hibernate: select tarefa0_.id as id1_1_, tarefa0_.descricao as descrica2_1_, tarefa0_.finalizada as finaliza3_1_, tarefa0_.lista as lista4_1_, tarefa0_.nome as nome5_1_ from tarefa tarefa0_ where tarefa0_.lista=?
Hibernate: select lista0_.id as id1_0_0_, lista0_.nome as nome2_0_0_ from lista lista0_ where lista0_.id=?
Hibernate: select lista0_.id as id1_0_0_, lista0_.nome as nome2_0_0_ from lista lista0_ where lista0_.id=?
Hibernate: delete from lista where id=?
Hibernate: select lista0_.id as id1_0_, lista0_.nome as nome2_0_ from lista lista0_ where lista0_.nome=?
Hibernate: call next value for hibernate_sequence
Hibernate: insert into lista (nome, id) values (?, ?)
Hibernate: select lista0_.id as id1_0_, lista0_.nome as nome2_0_ from lista lista0_ where lista0_.nome=?
Hibernate: select lista0_.id as id1_0_, lista0_.nome as nome2_0_ from lista lista0_ where lista0_.nome=?
Hibernate: select lista0_.id as id1_0_, lista0_.nome as nome2_0_ from lista lista0_
Hibernate: select tarefa0_.id as id1_1_, tarefa0_.descricao as descrica2_1_, tarefa0_.finalizada as finaliza3_1_, tarefa0_.lista as lista4_1_, tarefa0_.nome as nome5_1_ from tarefa tarefa0_ where tarefa0_.lista=?
Hibernate: select lista0_.id as id1_0_0_, lista0_.nome as nome2_0_0_ from lista lista0_ where lista0_.id=?
Hibernate: select lista0_.id as id1_0_0_, lista0_.nome as nome2_0_0_ from lista lista0_ where lista0_.id=?
Hibernate: delete from lista where id=?
Hibernate: select lista0_.id as id1_0_, lista0_.nome as nome2_0_ from lista lista0_ where lista0_.nome=?
Hibernate: call next value for hibernate_sequence
Hibernate: insert into lista (nome, id) values (?, ?)
Hibernate: select lista0_.id as id1_0_, lista0_.nome as nome2_0_ from lista lista0_ where lista0_.nome=?
Hibernate: select lista0_.id as id1_0_, lista0_.nome as nome2_0_ from lista lista0_ where lista0_.nome=?
Hibernate: select lista0_.id as id1_0_0_, lista0_.nome as nome2_0_0_ from lista lista0_ where lista0_.id=?
Hibernate: update lista set nome=? where id=?
Hibernate: select lista0_.id as id1_0_, lista0_.nome as nome2_0_ from lista lista0_ where lista0_.nome=?
Hibernate: select lista0_.id as id1_0_, lista0_.nome as nome2_0_ from lista lista0_
Hibernate: select tarefa0_.id as id1_1_, tarefa0_.descricao as descrica2_1_, tarefa0_.finalizada as finaliza3_1_, tarefa0_.lista as lista4_1_, tarefa0_.nome as nome5_1_ from tarefa tarefa0_ where tarefa0_.lista=?
Hibernate: select lista0_.id as id1_0_0_, lista0_.nome as nome2_0_0_ from lista lista0_ where lista0_.id=?
Hibernate: select lista0_.id as id1_0_0_, lista0_.nome as nome2_0_0_ from lista lista0_ where lista0_.id=?
Hibernate: delete from lista where id=?
Hibernate: select lista0_.id as id1_0_, lista0_.nome as nome2_0_ from lista lista0_ where lista0_.nome=?
Hibernate: call next value for hibernate_sequence
Hibernate: insert into lista (nome, id) values (?, ?)
Hibernate: select lista0_.id as id1_0_, lista0_.nome as nome2_0_ from lista lista0_ where lista0_.nome=?
Hibernate: select lista0_.id as id1_0_, lista0_.nome as nome2_0_ from lista lista0_ where lista0_.nome=?
Hibernate: call next value for hibernate_sequence
Hibernate: insert into lista (nome, id) values (?, ?)
Hibernate: select lista0_.id as id1_0_, lista0_.nome as nome2_0_ from lista lista0_ where lista0_.nome=?
Hibernate: select lista0_.id as id1_0_, lista0_.nome as nome2_0_ from lista lista0_
Hibernate: select tarefa0_.id as id1_1_, tarefa0_.descricao as descrica2_1_, tarefa0_.finalizada as finaliza3_1_, tarefa0_.lista as lista4_1_, tarefa0_.nome as nome5_1_ from tarefa tarefa0_ where tarefa0_.lista=?
Hibernate: select lista0_.id as id1_0_0_, lista0_.nome as nome2_0_0_ from lista lista0_ where lista0_.id=?
Hibernate: select lista0_.id as id1_0_0_, lista0_.nome as nome2_0_0_ from lista lista0_ where lista0_.id=?
Hibernate: delete from lista where id=?
Hibernate: select tarefa0_.id as id1_1_, tarefa0_.descricao as descrica2_1_, tarefa0_.finalizada as finaliza3_1_, tarefa0_.lista as lista4_1_, tarefa0_.nome as nome5_1_ from tarefa tarefa0_ where tarefa0_.lista=?
Hibernate: select lista0_.id as id1_0_0_, lista0_.nome as nome2_0_0_ from lista lista0_ where lista0_.id=?
Hibernate: select lista0_.id as id1_0_0_, lista0_.nome as nome2_0_0_ from lista lista0_ where lista0_.id=?
Hibernate: delete from lista where id=?
Hibernate: select lista0_.id as id1_0_, lista0_.nome as nome2_0_ from lista lista0_
Hibernate: select lista0_.id as id1_0_, lista0_.nome as nome2_0_ from lista lista0_ where lista0_.nome=?
Hibernate: call next value for hibernate_sequence
Hibernate: insert into lista (nome, id) values (?, ?)
Hibernate: select lista0_.id as id1_0_, lista0_.nome as nome2_0_ from lista lista0_ where lista0_.nome=?
Hibernate: select lista0_.id as id1_0_, lista0_.nome as nome2_0_ from lista lista0_
Hibernate: select lista0_.id as id1_0_, lista0_.nome as nome2_0_ from lista lista0_ where lista0_.nome=?
Hibernate: select lista0_.id as id1_0_0_, lista0_.nome as nome2_0_0_ from lista lista0_ where lista0_.id=?
Hibernate: update lista set nome=? where id=?
Hibernate: select lista0_.id as id1_0_, lista0_.nome as nome2_0_ from lista lista0_
Hibernate: select lista0_.id as id1_0_, lista0_.nome as nome2_0_ from lista lista0_ where lista0_.nome=?
Hibernate: call next value for hibernate_sequence
Hibernate: insert into lista (nome, id) values (?, ?)
Hibernate: select lista0_.id as id1_0_, lista0_.nome as nome2_0_ from lista lista0_ where lista0_.nome=?
Hibernate: select lista0_.id as id1_0_, lista0_.nome as nome2_0_ from lista lista0_
Hibernate: select lista0_.id as id1_0_, lista0_.nome as nome2_0_ from lista lista0_
Hibernate: select tarefa0_.id as id1_1_, tarefa0_.descricao as descrica2_1_, tarefa0_.finalizada as finaliza3_1_, tarefa0_.lista as lista4_1_, tarefa0_.nome as nome5_1_ from tarefa tarefa0_ where tarefa0_.lista=?
Hibernate: select lista0_.id as id1_0_0_, lista0_.nome as nome2_0_0_ from lista lista0_ where lista0_.id=?
Hibernate: select lista0_.id as id1_0_0_, lista0_.nome as nome2_0_0_ from lista lista0_ where lista0_.id=?
Hibernate: delete from lista where id=?
Hibernate: select tarefa0_.id as id1_1_, tarefa0_.descricao as descrica2_1_, tarefa0_.finalizada as finaliza3_1_, tarefa0_.lista as lista4_1_, tarefa0_.nome as nome5_1_ from tarefa tarefa0_ where tarefa0_.lista=?
Hibernate: select lista0_.id as id1_0_0_, lista0_.nome as nome2_0_0_ from lista lista0_ where lista0_.id=?
Hibernate: select lista0_.id as id1_0_0_, lista0_.nome as nome2_0_0_ from lista lista0_ where lista0_.id=?
Hibernate: delete from lista where id=?
]]></system-out>
  <system-err><![CDATA[]]></system-err>
</testsuite>
